Using pre-set license
Built from '2021.3/staging' branch; Version is '2021.3.20f1 (577897200b8b) revision 5732503'; Using compiler version '192829333'; Build Type 'Release'
OS: 'Windows 11  (10.0.22621) 64bit Professional' Language: 'ko' Physical Memory: 15776 MB
BatchMode: 1, IsHumanControllingUs: 0, StartBugReporterOnCrash: 0, Is64bit: 1, IsPro: 1

COMMAND LINE ARGUMENTS:
C:\Program Files\Unity\Hub\Editor\2021.3.20f1\Editor\Unity.exe
-adb2
-batchMode
-noUpm
-name
AssetImportWorker1
-projectPath
C:/Users/Kangda/Documents/GitHub/University/Unity/Week3
-logFile
Logs/AssetImportWorker1.log
-srvPort
1862
Successfully changed project path to: C:/Users/Kangda/Documents/GitHub/University/Unity/Week3
C:/Users/Kangda/Documents/GitHub/University/Unity/Week3
[UnityMemory] Configuration Parameters - Can be set up in boot.config
    "memorysetup-bucket-allocator-granularity=16"
    "memorysetup-bucket-allocator-bucket-count=8"
    "memorysetup-bucket-allocator-block-size=33554432"
    "memorysetup-bucket-allocator-block-count=8"
    "memorysetup-main-allocator-block-size=16777216"
    "memorysetup-thread-allocator-block-size=16777216"
    "memorysetup-gfx-main-allocator-block-size=16777216"
    "memorysetup-gfx-thread-allocator-block-size=16777216"
    "memorysetup-cache-allocator-block-size=4194304"
    "memorysetup-typetree-allocator-block-size=2097152"
    "memorysetup-profiler-bucket-allocator-granularity=16"
    "memorysetup-profiler-bucket-allocator-bucket-count=8"
    "memorysetup-profiler-bucket-allocator-block-size=33554432"
    "memorysetup-profiler-bucket-allocator-block-count=8"
    "memorysetup-profiler-allocator-block-size=16777216"
    "memorysetup-profiler-editor-allocator-block-size=1048576"
    "memorysetup-temp-allocator-size-main=16777216"
    "memorysetup-job-temp-allocator-block-size=2097152"
    "memorysetup-job-temp-allocator-block-size-background=1048576"
    "memorysetup-job-temp-allocator-reduction-small-platforms=262144"
    "memorysetup-temp-allocator-size-background-worker=32768"
    "memorysetup-temp-allocator-size-job-worker=262144"
    "memorysetup-temp-allocator-size-preload-manager=33554432"
    "memorysetup-temp-allocator-size-nav-mesh-worker=65536"
    "memorysetup-temp-allocator-size-audio-worker=65536"
    "memorysetup-temp-allocator-size-cloud-worker=32768"
    "memorysetup-temp-allocator-size-gi-baking-worker=262144"
    "memorysetup-temp-allocator-size-gfx=262144"
Player connection [5628] Host "[IP] 192.168.102.1 [Port] 0 [Flags] 2 [Guid] 170163341 [EditorId] 170163341 [Version] 1048832 [Id] WindowsEditor(7,DESKTOP-C0AGVOG) [Debug] 1 [PackageName] WindowsEditor [ProjectName] Editor" joined multi-casting on [225.0.0.222:54997]...

Player connection [5628] Host "[IP] 192.168.102.1 [Port] 0 [Flags] 2 [Guid] 170163341 [EditorId] 170163341 [Version] 1048832 [Id] WindowsEditor(7,DESKTOP-C0AGVOG) [Debug] 1 [PackageName] WindowsEditor [ProjectName] Editor" joined alternative multi-casting on [225.0.0.222:34997]...

Refreshing native plugins compatible for Editor in 64.55 ms, found 3 plugins.
Preloading 0 native plugins for Editor in 0.00 ms.
Initialize engine version: 2021.3.20f1 (577897200b8b)
[Subsystems] Discovering subsystems at path C:/Program Files/Unity/Hub/Editor/2021.3.20f1/Editor/Data/Resources/UnitySubsystems
[Subsystems] Discovering subsystems at path C:/Users/Kangda/Documents/GitHub/University/Unity/Week3/Assets
GfxDevice: creating device client; threaded=0; jobified=0
Direct3D:
    Version:  Direct3D 11.0 [level 11.1]
    Renderer: NVIDIA GeForce RTX 3050 Ti Laptop GPU (ID=0x25a0)
    Vendor:   NVIDIA
    VRAM:     3990 MB
    Driver:   30.0.15.1278
Initialize mono
Mono path[0] = 'C:/Program Files/Unity/Hub/Editor/2021.3.20f1/Editor/Data/Managed'
Mono path[1] = 'C:/Program Files/Unity/Hub/Editor/2021.3.20f1/Editor/Data/MonoBleedingEdge/lib/mono/unityjit-win32'
Mono config path = 'C:/Program Files/Unity/Hub/Editor/2021.3.20f1/Editor/Data/MonoBleedingEdge/etc'
Using monoOptions --debugger-agent=transport=dt_socket,embedding=1,server=y,suspend=n,address=127.0.0.1:56544
Begin MonoManager ReloadAssembly
Registering precompiled unity dll's ...
Register platform support module: C:/Program Files/Unity/Hub/Editor/2021.3.20f1/Editor/Data/PlaybackEngines/WindowsStandaloneSupport/UnityEditor.WindowsStandalone.Extensions.dll
Registered in 0.005445 seconds.
Native extension for WindowsStandalone target not found
Refreshing native plugins compatible for Editor in 64.23 ms, found 3 plugins.
Preloading 0 native plugins for Editor in 0.00 ms.
Mono: successfully reloaded assembly
- Completed reload, in  0.572 seconds
Domain Reload Profiling:
	ReloadAssembly (573ms)
		BeginReloadAssembly (92ms)
			ExecutionOrderSort (0ms)
			DisableScriptedObjects (0ms)
			BackupInstance (0ms)
			ReleaseScriptingObjects (0ms)
			CreateAndSetChildDomain (1ms)
		EndReloadAssembly (391ms)
			LoadAssemblies (89ms)
			RebuildTransferFunctionScriptingTraits (0ms)
			SetupTypeCache (103ms)
			ReleaseScriptCaches (0ms)
			RebuildScriptCaches (22ms)
			SetupLoadedEditorAssemblies (221ms)
				LogAssemblyErrors (0ms)
				InitializePlatformSupportModulesInManaged (7ms)
				SetLoadedEditorAssemblies (0ms)
				RefreshPlugins (64ms)
				BeforeProcessingInitializeOnLoad (1ms)
				ProcessInitializeOnLoadAttributes (106ms)
				ProcessInitializeOnLoadMethodAttributes (43ms)
				AfterProcessingInitializeOnLoad (0ms)
				EditorAssembliesLoaded (0ms)
			ExecutionOrderSort2 (0ms)
			AwakeInstancesAfterBackupRestoration (0ms)
Platform modules already initialized, skipping
Registering precompiled user dll's ...
Registered in 0.005541 seconds.
Begin MonoManager ReloadAssembly
Symbol file LoadedFromMemory doesn't match image C:\Users\Kangda\Documents\GitHub\University\Unity\Week3\Library\PackageCache\com.unity.visualscripting@1.8.0\Editor\VisualScripting.Core\Dependencies\YamlDotNet\Unity.VisualScripting.YamlDotNet.dll
Symbol file LoadedFromMemory doesn't match image C:\Users\Kangda\Documents\GitHub\University\Unity\Week3\Library\PackageCache\com.unity.visualscripting@1.8.0\Editor\VisualScripting.Core\Dependencies\DotNetZip\Unity.VisualScripting.IonicZip.dll
Native extension for WindowsStandalone target not found
Refreshing native plugins compatible for Editor in 0.43 ms, found 3 plugins.
Preloading 0 native plugins for Editor in 0.00 ms.
Mono: successfully reloaded assembly
- Completed reload, in  0.820 seconds
Domain Reload Profiling:
	ReloadAssembly (821ms)
		BeginReloadAssembly (125ms)
			ExecutionOrderSort (0ms)
			DisableScriptedObjects (6ms)
			BackupInstance (0ms)
			ReleaseScriptingObjects (0ms)
			CreateAndSetChildDomain (22ms)
		EndReloadAssembly (613ms)
			LoadAssemblies (95ms)
			RebuildTransferFunctionScriptingTraits (0ms)
			SetupTypeCache (208ms)
			ReleaseScriptCaches (1ms)
			RebuildScriptCaches (38ms)
			SetupLoadedEditorAssemblies (255ms)
				LogAssemblyErrors (0ms)
				InitializePlatformSupportModulesInManaged (4ms)
				SetLoadedEditorAssemblies (0ms)
				RefreshPlugins (0ms)
				BeforeProcessingInitializeOnLoad (67ms)
				ProcessInitializeOnLoadAttributes (161ms)
				ProcessInitializeOnLoadMethodAttributes (14ms)
				AfterProcessingInitializeOnLoad (8ms)
				EditorAssembliesLoaded (0ms)
			ExecutionOrderSort2 (0ms)
			AwakeInstancesAfterBackupRestoration (11ms)
Platform modules already initialized, skipping
========================================================================
Worker process is ready to serve import requests
Launched and connected shader compiler UnityShaderCompiler.exe after 0.07 seconds
Refreshing native plugins compatible for Editor in 0.93 ms, found 3 plugins.
Preloading 0 native plugins for Editor in 0.00 ms.
Unloading 3047 Unused Serialized files (Serialized files now loaded: 0)
Unloading 24 unused Assets / (113.5 KB). Loaded Objects now: 3507.
Memory consumption went from 107.5 MB to 107.4 MB.
Total: 2.713100 ms (FindLiveObjects: 0.264800 ms CreateObjectMapping: 0.090700 ms MarkObjects: 2.256000 ms  DeleteObjects: 0.100900 ms)

AssetImportParameters requested are different than current active one (requested -> active):
  custom:video-decoder-ogg-theora: a1e56fd34408186e4bbccfd4996cb3dc -> 
  custom:container-muxer-webm: aa71ff27fc2769a1b78a27578f13a17b -> 
  custom:container-demuxer-webm: 4f35f7cbe854078d1ac9338744f61a02 -> 
  custom:video-encoder-webm-vp8: eb34c28f22e8b96e1ab97ce403110664 -> 
  custom:audio-encoder-webm-vorbis: bf7c407c2cedff20999df2af8eb42d56 -> 
  custom:framework-win-MediaFoundation: 216162199b28c13a410421893ffa2e32 -> 
  custom:container-demuxer-ogg: 62fdf1f143b41e24485cea50d1cbac27 -> 
  custom:video-decoder-webm-vp8: 9c59270c3fd7afecdb556c50c9e8de78 -> 
  custom:audio-decoder-ogg-vorbis: bf7c407c2cedff20999df2af8eb42d56 -> 
========================================================================
Received Import Request.
  Time since last request: 1899.968826 seconds.
  path: Assets/Scenes
  artifactKey: Guid(6ea315d0fd7389c41b19996891e99ae3) Importer(815301076,1909f56bfc062723c751e8b465ee728b)
Start importing Assets/Scenes using Guid(6ea315d0fd7389c41b19996891e99ae3) Importer(815301076,1909f56bfc062723c751e8b465ee728b)  -> (artifact id: 'b8193726cff86800c54781cdc6d54904') in 0.012617 seconds 
========================================================================
Received Prepare
Registering precompiled user dll's ...
Registered in 0.005773 seconds.
Begin MonoManager ReloadAssembly
Symbol file LoadedFromMemory doesn't match image C:\Users\Kangda\Documents\GitHub\University\Unity\Week3\Library\PackageCache\com.unity.visualscripting@1.8.0\Editor\VisualScripting.Core\Dependencies\YamlDotNet\Unity.VisualScripting.YamlDotNet.dll
Symbol file LoadedFromMemory doesn't match image C:\Users\Kangda\Documents\GitHub\University\Unity\Week3\Library\PackageCache\com.unity.visualscripting@1.8.0\Editor\VisualScripting.Core\Dependencies\DotNetZip\Unity.VisualScripting.IonicZip.dll
Native extension for WindowsStandalone target not found
Refreshing native plugins compatible for Editor in 0.65 ms, found 3 plugins.
Preloading 0 native plugins for Editor in 0.00 ms.
Mono: successfully reloaded assembly
- Completed reload, in  0.844 seconds
Domain Reload Profiling:
	ReloadAssembly (844ms)
		BeginReloadAssembly (146ms)
			ExecutionOrderSort (0ms)
			DisableScriptedObjects (4ms)
			BackupInstance (0ms)
			ReleaseScriptingObjects (0ms)
			CreateAndSetChildDomain (36ms)
		EndReloadAssembly (606ms)
			LoadAssemblies (97ms)
			RebuildTransferFunctionScriptingTraits (0ms)
			SetupTypeCache (202ms)
			ReleaseScriptCaches (1ms)
			RebuildScriptCaches (33ms)
			SetupLoadedEditorAssemblies (250ms)
				LogAssemblyErrors (0ms)
				InitializePlatformSupportModulesInManaged (6ms)
				SetLoadedEditorAssemblies (0ms)
				RefreshPlugins (1ms)
				BeforeProcessingInitializeOnLoad (52ms)
				ProcessInitializeOnLoadAttributes (167ms)
				ProcessInitializeOnLoadMethodAttributes (15ms)
				AfterProcessingInitializeOnLoad (8ms)
				EditorAssembliesLoaded (0ms)
			ExecutionOrderSort2 (0ms)
			AwakeInstancesAfterBackupRestoration (10ms)
Platform modules already initialized, skipping
Refreshing native plugins compatible for Editor in 2.01 ms, found 3 plugins.
Preloading 0 native plugins for Editor in 0.00 ms.
Unloading 3047 Unused Serialized files (Serialized files now loaded: 0)
Unloading 20 unused Assets / (501.5 KB). Loaded Objects now: 3512.
Memory consumption went from 108.2 MB to 107.7 MB.
Total: 3.130300 ms (FindLiveObjects: 0.240800 ms CreateObjectMapping: 0.136800 ms MarkObjects: 2.511200 ms  DeleteObjects: 0.240500 ms)

AssetImportParameters requested are different than current active one (requested -> active):
  custom:video-decoder-ogg-theora: a1e56fd34408186e4bbccfd4996cb3dc -> 
  custom:container-muxer-webm: aa71ff27fc2769a1b78a27578f13a17b -> 
  custom:container-demuxer-webm: 4f35f7cbe854078d1ac9338744f61a02 -> 
  custom:video-encoder-webm-vp8: eb34c28f22e8b96e1ab97ce403110664 -> 
  custom:audio-encoder-webm-vorbis: bf7c407c2cedff20999df2af8eb42d56 -> 
  custom:framework-win-MediaFoundation: 216162199b28c13a410421893ffa2e32 -> 
  custom:container-demuxer-ogg: 62fdf1f143b41e24485cea50d1cbac27 -> 
  custom:video-decoder-webm-vp8: 9c59270c3fd7afecdb556c50c9e8de78 -> 
  custom:audio-decoder-ogg-vorbis: bf7c407c2cedff20999df2af8eb42d56 -> 
========================================================================
Received Import Request.
  Time since last request: 478.929350 seconds.
  path: Assets/_TerrainAutoUpgrade/layer_Ground 01b956af97c33fc3d7.terrainlayer
  artifactKey: Guid(c49d11c0443b07a46afe7d6777b1ce6b) Importer(815301076,1909f56bfc062723c751e8b465ee728b)
Start importing Assets/_TerrainAutoUpgrade/layer_Ground 01b956af97c33fc3d7.terrainlayer using Guid(c49d11c0443b07a46afe7d6777b1ce6b) Importer(815301076,1909f56bfc062723c751e8b465ee728b)  -> (artifact id: 'c69911592b108323d312237a4ab56831') in 0.071867 seconds 
========================================================================
Received Import Request.
  Time since last request: 0.000019 seconds.
  path: Assets/_TerrainAutoUpgrade/layer_ground_kaminky23d3aba195e4d26ee.terrainlayer
  artifactKey: Guid(ad1cc8d5ceec3344498b84b80d6ff0b7) Importer(815301076,1909f56bfc062723c751e8b465ee728b)
Start importing Assets/_TerrainAutoUpgrade/layer_ground_kaminky23d3aba195e4d26ee.terrainlayer using Guid(ad1cc8d5ceec3344498b84b80d6ff0b7) Importer(815301076,1909f56bfc062723c751e8b465ee728b)  -> (artifact id: 'c1e6b9c695d483792d6a87cd95db58e5') in 0.016451 seconds 
========================================================================
Received Prepare
Registering precompiled user dll's ...
Registered in 0.005837 seconds.
Begin MonoManager ReloadAssembly
Symbol file LoadedFromMemory doesn't match image C:\Users\Kangda\Documents\GitHub\University\Unity\Week3\Library\PackageCache\com.unity.visualscripting@1.8.0\Editor\VisualScripting.Core\Dependencies\YamlDotNet\Unity.VisualScripting.YamlDotNet.dll
Symbol file LoadedFromMemory doesn't match image C:\Users\Kangda\Documents\GitHub\University\Unity\Week3\Library\PackageCache\com.unity.visualscripting@1.8.0\Editor\VisualScripting.Core\Dependencies\DotNetZip\Unity.VisualScripting.IonicZip.dll
Native extension for WindowsStandalone target not found
Refreshing native plugins compatible for Editor in 0.47 ms, found 3 plugins.
Preloading 0 native plugins for Editor in 0.00 ms.
Mono: successfully reloaded assembly
- Completed reload, in  0.889 seconds
Domain Reload Profiling:
	ReloadAssembly (890ms)
		BeginReloadAssembly (163ms)
			ExecutionOrderSort (0ms)
			DisableScriptedObjects (5ms)
			BackupInstance (0ms)
			ReleaseScriptingObjects (0ms)
			CreateAndSetChildDomain (47ms)
		EndReloadAssembly (634ms)
			LoadAssemblies (101ms)
			RebuildTransferFunctionScriptingTraits (0ms)
			SetupTypeCache (214ms)
			ReleaseScriptCaches (1ms)
			RebuildScriptCaches (39ms)
			SetupLoadedEditorAssemblies (268ms)
				LogAssemblyErrors (0ms)
				InitializePlatformSupportModulesInManaged (5ms)
				SetLoadedEditorAssemblies (0ms)
				RefreshPlugins (1ms)
				BeforeProcessingInitializeOnLoad (60ms)
				ProcessInitializeOnLoadAttributes (176ms)
				ProcessInitializeOnLoadMethodAttributes (19ms)
				AfterProcessingInitializeOnLoad (8ms)
				EditorAssembliesLoaded (0ms)
			ExecutionOrderSort2 (0ms)
			AwakeInstancesAfterBackupRestoration (12ms)
Platform modules already initialized, skipping
Refreshing native plugins compatible for Editor in 1.92 ms, found 3 plugins.
Preloading 0 native plugins for Editor in 0.00 ms.
Unloading 3047 Unused Serialized files (Serialized files now loaded: 0)
Unloading 20 unused Assets / (501.4 KB). Loaded Objects now: 3521.
Memory consumption went from 112.5 MB to 112.0 MB.
Total: 3.995700 ms (FindLiveObjects: 0.277500 ms CreateObjectMapping: 0.207300 ms MarkObjects: 2.952200 ms  DeleteObjects: 0.557200 ms)

AssetImportParameters requested are different than current active one (requested -> active):
  custom:video-decoder-ogg-theora: a1e56fd34408186e4bbccfd4996cb3dc -> 
  custom:container-muxer-webm: aa71ff27fc2769a1b78a27578f13a17b -> 
  custom:container-demuxer-webm: 4f35f7cbe854078d1ac9338744f61a02 -> 
  custom:video-encoder-webm-vp8: eb34c28f22e8b96e1ab97ce403110664 -> 
  custom:audio-encoder-webm-vorbis: bf7c407c2cedff20999df2af8eb42d56 -> 
  custom:framework-win-MediaFoundation: 216162199b28c13a410421893ffa2e32 -> 
  custom:container-demuxer-ogg: 62fdf1f143b41e24485cea50d1cbac27 -> 
  custom:video-decoder-webm-vp8: 9c59270c3fd7afecdb556c50c9e8de78 -> 
  custom:audio-decoder-ogg-vorbis: bf7c407c2cedff20999df2af8eb42d56 -> 
========================================================================
Received Prepare
Registering precompiled user dll's ...
Registered in 0.004697 seconds.
Begin MonoManager ReloadAssembly
Symbol file LoadedFromMemory doesn't match image C:\Users\Kangda\Documents\GitHub\University\Unity\Week3\Library\PackageCache\com.unity.visualscripting@1.8.0\Editor\VisualScripting.Core\Dependencies\YamlDotNet\Unity.VisualScripting.YamlDotNet.dll
Symbol file LoadedFromMemory doesn't match image C:\Users\Kangda\Documents\GitHub\University\Unity\Week3\Library\PackageCache\com.unity.visualscripting@1.8.0\Editor\VisualScripting.Core\Dependencies\DotNetZip\Unity.VisualScripting.IonicZip.dll
Native extension for WindowsStandalone target not found
Refreshing native plugins compatible for Editor in 0.69 ms, found 3 plugins.
Preloading 0 native plugins for Editor in 0.00 ms.
Mono: successfully reloaded assembly
- Completed reload, in  0.929 seconds
Domain Reload Profiling:
	ReloadAssembly (930ms)
		BeginReloadAssembly (166ms)
			ExecutionOrderSort (0ms)
			DisableScriptedObjects (5ms)
			BackupInstance (0ms)
			ReleaseScriptingObjects (0ms)
			CreateAndSetChildDomain (52ms)
		EndReloadAssembly (682ms)
			LoadAssemblies (100ms)
			RebuildTransferFunctionScriptingTraits (0ms)
			SetupTypeCache (232ms)
			ReleaseScriptCaches (1ms)
			RebuildScriptCaches (38ms)
			SetupLoadedEditorAssemblies (287ms)
				LogAssemblyErrors (0ms)
				InitializePlatformSupportModulesInManaged (6ms)
				SetLoadedEditorAssemblies (1ms)
				RefreshPlugins (1ms)
				BeforeProcessingInitializeOnLoad (67ms)
				ProcessInitializeOnLoadAttributes (184ms)
				ProcessInitializeOnLoadMethodAttributes (19ms)
				AfterProcessingInitializeOnLoad (9ms)
				EditorAssembliesLoaded (0ms)
			ExecutionOrderSort2 (0ms)
			AwakeInstancesAfterBackupRestoration (12ms)
Platform modules already initialized, skipping
Refreshing native plugins compatible for Editor in 2.44 ms, found 3 plugins.
Preloading 0 native plugins for Editor in 0.00 ms.
Unloading 3047 Unused Serialized files (Serialized files now loaded: 0)
Unloading 20 unused Assets / (0.5 MB). Loaded Objects now: 3524.
Memory consumption went from 112.5 MB to 112.0 MB.
Total: 4.203500 ms (FindLiveObjects: 0.502400 ms CreateObjectMapping: 0.441200 ms MarkObjects: 2.826600 ms  DeleteObjects: 0.432400 ms)

AssetImportParameters requested are different than current active one (requested -> active):
  custom:video-decoder-ogg-theora: a1e56fd34408186e4bbccfd4996cb3dc -> 
  custom:container-muxer-webm: aa71ff27fc2769a1b78a27578f13a17b -> 
  custom:container-demuxer-webm: 4f35f7cbe854078d1ac9338744f61a02 -> 
  custom:video-encoder-webm-vp8: eb34c28f22e8b96e1ab97ce403110664 -> 
  custom:audio-encoder-webm-vorbis: bf7c407c2cedff20999df2af8eb42d56 -> 
  custom:framework-win-MediaFoundation: 216162199b28c13a410421893ffa2e32 -> 
  custom:container-demuxer-ogg: 62fdf1f143b41e24485cea50d1cbac27 -> 
  custom:video-decoder-webm-vp8: 9c59270c3fd7afecdb556c50c9e8de78 -> 
  custom:audio-decoder-ogg-vorbis: bf7c407c2cedff20999df2af8eb42d56 -> 
========================================================================
Received Import Request.
  Time since last request: 55.558966 seconds.
  path: Assets/Destroyed_city_FREE/Scenes/destroyed_city/LightmapFar-1.exr
  artifactKey: Guid(5a376b43b2e84f44f9a20162ec34c47c) Importer(815301076,1909f56bfc062723c751e8b465ee728b)
Start importing Assets/Destroyed_city_FREE/Scenes/destroyed_city/LightmapFar-1.exr using Guid(5a376b43b2e84f44f9a20162ec34c47c) Importer(815301076,1909f56bfc062723c751e8b465ee728b)  -> (artifact id: '5430ddf07afaa601edeaa3b96258cfde') in 0.074017 seconds 
========================================================================
Received Import Request.
  Time since last request: 0.000057 seconds.
  path: Assets/Destroyed_city_FREE/Scenes/destroyed_city/LightmapFar-5.exr
  artifactKey: Guid(8f05800eba8ca8342964acc621ce1cdd) Importer(815301076,1909f56bfc062723c751e8b465ee728b)
Start importing Assets/Destroyed_city_FREE/Scenes/destroyed_city/LightmapFar-5.exr using Guid(8f05800eba8ca8342964acc621ce1cdd) Importer(815301076,1909f56bfc062723c751e8b465ee728b)  -> (artifact id: '1287f63cd3a7d6dca2e36aeff1802698') in 0.017834 seconds 
========================================================================
Received Import Request.
  Time since last request: 0.000029 seconds.
  path: Assets/Destroyed_city_FREE/Scenes/destroyed_city/LightmapFar-2.exr
  artifactKey: Guid(5521a5af10eb7a1488540cd048588500) Importer(815301076,1909f56bfc062723c751e8b465ee728b)
Start importing Assets/Destroyed_city_FREE/Scenes/destroyed_city/LightmapFar-2.exr using Guid(5521a5af10eb7a1488540cd048588500) Importer(815301076,1909f56bfc062723c751e8b465ee728b)  -> (artifact id: '8e74463642e432766473159851a84d88') in 0.020822 seconds 
========================================================================
Received Import Request.
  Time since last request: 0.000028 seconds.
  path: Assets/Destroyed_city_FREE/Scenes/destroyed_city/LightmapFar-14.exr
  artifactKey: Guid(600eccb082ffc824cb9ff0d0fd797c2c) Importer(815301076,1909f56bfc062723c751e8b465ee728b)
Start importing Assets/Destroyed_city_FREE/Scenes/destroyed_city/LightmapFar-14.exr using Guid(600eccb082ffc824cb9ff0d0fd797c2c) Importer(815301076,1909f56bfc062723c751e8b465ee728b)  -> (artifact id: '349e0fba47e79ac9eee1f179793a981f') in 0.018997 seconds 
========================================================================
Received Import Request.
  Time since last request: 0.000036 seconds.
  path: Assets/Destroyed_city_FREE/Scenes/destroyed_city/LightmapFar-7.exr
  artifactKey: Guid(e116ec9a42d3ff9449f77a447c766be1) Importer(815301076,1909f56bfc062723c751e8b465ee728b)
Start importing Assets/Destroyed_city_FREE/Scenes/destroyed_city/LightmapFar-7.exr using Guid(e116ec9a42d3ff9449f77a447c766be1) Importer(815301076,1909f56bfc062723c751e8b465ee728b)  -> (artifact id: 'b7146487ed6a662738d93ee0704beb05') in 0.015619 seconds 
========================================================================
Received Import Request.
  Time since last request: 0.000031 seconds.
  path: Assets/Destroyed_city_FREE/Scenes/destroyed_city/LightmapNear-9.exr
  artifactKey: Guid(1ee2eb8c59f47124fac14303638f5fe8) Importer(815301076,1909f56bfc062723c751e8b465ee728b)
Start importing Assets/Destroyed_city_FREE/Scenes/destroyed_city/LightmapNear-9.exr using Guid(1ee2eb8c59f47124fac14303638f5fe8) Importer(815301076,1909f56bfc062723c751e8b465ee728b)  -> (artifact id: 'e323e248b47ea4e86c1d768174e7e440') in 0.018091 seconds 
========================================================================
Received Import Request.
  Time since last request: 0.000064 seconds.
  path: Assets/Destroyed_city_FREE/Scenes/destroyed_city/LightmapFar-8.exr
  artifactKey: Guid(95ba1a14c944bd24d8274375ee74ad65) Importer(815301076,1909f56bfc062723c751e8b465ee728b)
Start importing Assets/Destroyed_city_FREE/Scenes/destroyed_city/LightmapFar-8.exr using Guid(95ba1a14c944bd24d8274375ee74ad65) Importer(815301076,1909f56bfc062723c751e8b465ee728b)  -> (artifact id: '3d15b165b58f5060510dd40cd6abd40b') in 0.018835 seconds 
========================================================================
Received Import Request.
  Time since last request: 0.000034 seconds.
  path: Assets/Destroyed_city_FREE/Scenes/destroyed_city/LightmapFar-13.exr
  artifactKey: Guid(7ebba6401ad4b08428ac68107d46b47c) Importer(815301076,1909f56bfc062723c751e8b465ee728b)
Start importing Assets/Destroyed_city_FREE/Scenes/destroyed_city/LightmapFar-13.exr using Guid(7ebba6401ad4b08428ac68107d46b47c) Importer(815301076,1909f56bfc062723c751e8b465ee728b)  -> (artifact id: '56a6cfbe41920360b1e2e5a6298a9b5f') in 0.017365 seconds 
========================================================================
Received Import Request.
  Time since last request: 0.000021 seconds.
  path: Assets/Destroyed_city_FREE/Scenes/destroyed_city/LightmapFar-3.exr
  artifactKey: Guid(8d15220e1ebcb1b4591fdf0aad07d24b) Importer(815301076,1909f56bfc062723c751e8b465ee728b)
Start importing Assets/Destroyed_city_FREE/Scenes/destroyed_city/LightmapFar-3.exr using Guid(8d15220e1ebcb1b4591fdf0aad07d24b) Importer(815301076,1909f56bfc062723c751e8b465ee728b)  -> (artifact id: '51e66541823d878ee38d186a46ac4924') in 0.018604 seconds 
========================================================================
Received Import Request.
  Time since last request: 0.000028 seconds.
  path: Assets/Destroyed_city_FREE/Scenes/destroyed_city/LightmapFar-15.exr
  artifactKey: Guid(4ee251adfc7eeaf4eb4c4e48744d54ab) Importer(815301076,1909f56bfc062723c751e8b465ee728b)
Start importing Assets/Destroyed_city_FREE/Scenes/destroyed_city/LightmapFar-15.exr using Guid(4ee251adfc7eeaf4eb4c4e48744d54ab) Importer(815301076,1909f56bfc062723c751e8b465ee728b)  -> (artifact id: 'ab0729e200ec5c88d96a168880c35937') in 0.016797 seconds 
========================================================================
Received Import Request.
  Time since last request: 0.000036 seconds.
  path: Assets/Destroyed_city_FREE/Scenes/destroyed_city/LightmapNear-15.exr
  artifactKey: Guid(48b56772ae61a4042a6047b619ef13a6) Importer(815301076,1909f56bfc062723c751e8b465ee728b)
Start importing Assets/Destroyed_city_FREE/Scenes/destroyed_city/LightmapNear-15.exr using Guid(48b56772ae61a4042a6047b619ef13a6) Importer(815301076,1909f56bfc062723c751e8b465ee728b)  -> (artifact id: '6ad969afc519883920bb0e5a578be803') in 0.015027 seconds 
========================================================================
Received Import Request.
  Time since last request: 0.000020 seconds.
  path: Assets/Destroyed_city_FREE/Scenes/destroyed_city/LightmapNear-2.exr
  artifactKey: Guid(18d710b663f8ae14d843bdf35688e26b) Importer(815301076,1909f56bfc062723c751e8b465ee728b)
Start importing Assets/Destroyed_city_FREE/Scenes/destroyed_city/LightmapNear-2.exr using Guid(18d710b663f8ae14d843bdf35688e26b) Importer(815301076,1909f56bfc062723c751e8b465ee728b)  -> (artifact id: '713ebf23a7c8905ba6ea8fdb386a5600') in 0.060627 seconds 
========================================================================
Received Import Request.
  Time since last request: 0.000026 seconds.
  path: Assets/Destroyed_city_FREE/Scenes/destroyed_city/LightmapNear-14.exr
  artifactKey: Guid(817def3ad1dc2224a946d865e9b84883) Importer(815301076,1909f56bfc062723c751e8b465ee728b)
Start importing Assets/Destroyed_city_FREE/Scenes/destroyed_city/LightmapNear-14.exr using Guid(817def3ad1dc2224a946d865e9b84883) Importer(815301076,1909f56bfc062723c751e8b465ee728b)  -> (artifact id: 'd80d30297e3c88a890f1ee7db5cc5527') in 0.016395 seconds 
========================================================================
Received Import Request.
  Time since last request: 0.000040 seconds.
  path: Assets/Destroyed_city_FREE/Scenes/destroyed_city/LightmapFar-9.exr
  artifactKey: Guid(99087af4266aa01409503bf9d353da4d) Importer(815301076,1909f56bfc062723c751e8b465ee728b)
Start importing Assets/Destroyed_city_FREE/Scenes/destroyed_city/LightmapFar-9.exr using Guid(99087af4266aa01409503bf9d353da4d) Importer(815301076,1909f56bfc062723c751e8b465ee728b)  -> (artifact id: '8e716f4c5075577241b942150aeaa3f1') in 0.018417 seconds 
========================================================================
Received Import Request.
  Time since last request: 0.000040 seconds.
  path: Assets/Destroyed_city_FREE/Scenes/destroyed_city/LightmapFar-4.exr
  artifactKey: Guid(c60231e80a6603d4a9092aab70a5781b) Importer(815301076,1909f56bfc062723c751e8b465ee728b)
Start importing Assets/Destroyed_city_FREE/Scenes/destroyed_city/LightmapFar-4.exr using Guid(c60231e80a6603d4a9092aab70a5781b) Importer(815301076,1909f56bfc062723c751e8b465ee728b)  -> (artifact id: '9adc91813a33e291a3b43601429a5645') in 0.021449 seconds 
========================================================================
Received Import Request.
  Time since last request: 0.000021 seconds.
  path: Assets/Destroyed_city_FREE/Scenes/destroyed_city/LightmapFar-16.exr
  artifactKey: Guid(8cc29668558216345878100cb94f3691) Importer(815301076,1909f56bfc062723c751e8b465ee728b)
Start importing Assets/Destroyed_city_FREE/Scenes/destroyed_city/LightmapFar-16.exr using Guid(8cc29668558216345878100cb94f3691) Importer(815301076,1909f56bfc062723c751e8b465ee728b)  -> (artifact id: '20577da4fbd821592acc040723c7e45c') in 0.018650 seconds 
========================================================================
Received Import Request.
  Time since last request: 0.000031 seconds.
  path: Assets/Destroyed_city_FREE/Scenes/destroyed_city/LightmapNear-5.exr
  artifactKey: Guid(7eb9a5b597a5ca845b8baf54254c1c67) Importer(815301076,1909f56bfc062723c751e8b465ee728b)
Start importing Assets/Destroyed_city_FREE/Scenes/destroyed_city/LightmapNear-5.exr using Guid(7eb9a5b597a5ca845b8baf54254c1c67) Importer(815301076,1909f56bfc062723c751e8b465ee728b)  -> (artifact id: '968b747b3d9b5ae50baecf353bef86a9') in 0.016755 seconds 
========================================================================
Received Import Request.
  Time since last request: 0.000034 seconds.
  path: Assets/Destroyed_city_FREE/Scenes/destroyed_city/LightmapNear-16.exr
  artifactKey: Guid(493cfae2140b57d499570b8186f664a0) Importer(815301076,1909f56bfc062723c751e8b465ee728b)
Start importing Assets/Destroyed_city_FREE/Scenes/destroyed_city/LightmapNear-16.exr using Guid(493cfae2140b57d499570b8186f664a0) Importer(815301076,1909f56bfc062723c751e8b465ee728b)  -> (artifact id: '5580282320a959b951d78fe1549a4e8b') in 0.024660 seconds 
Editor requested this worker to shutdown with reason: Scaling down because of idle timeout
AssetImportWorker is now disconnected from the server
Process exiting
Exiting without the bug reporter. Application will terminate with return code 0